[2024-11-26T14:35:44.845+0000] {taskinstance.py:1083} INFO - Dependencies all met for <TaskInstance: data_split_google_sheets.upload_to_google_sheets manual__2024-11-26T14:35:37.888848+00:00 [queued]>
[2024-11-26T14:35:44.852+0000] {taskinstance.py:1083} INFO - Dependencies all met for <TaskInstance: data_split_google_sheets.upload_to_google_sheets manual__2024-11-26T14:35:37.888848+00:00 [queued]>
[2024-11-26T14:35:44.852+0000] {taskinstance.py:1279} INFO - 
--------------------------------------------------------------------------------
[2024-11-26T14:35:44.853+0000] {taskinstance.py:1280} INFO - Starting attempt 1 of 2
[2024-11-26T14:35:44.853+0000] {taskinstance.py:1281} INFO - 
--------------------------------------------------------------------------------
[2024-11-26T14:35:44.865+0000] {taskinstance.py:1300} INFO - Executing <Task(PythonOperator): upload_to_google_sheets> on 2024-11-26 14:35:37.888848+00:00
[2024-11-26T14:35:44.872+0000] {standard_task_runner.py:55} INFO - Started process 95 to run task
[2024-11-26T14:35:44.874+0000] {standard_task_runner.py:82} INFO - Running: ['***', 'tasks', 'run', 'data_split_google_sheets', 'upload_to_google_sheets', 'manual__2024-11-26T14:35:37.888848+00:00', '--job-id', '70', '--raw', '--subdir', 'DAGS_FOLDER/data_processing_dag.py', '--cfg-path', '/tmp/tmpqn9w8zks']
[2024-11-26T14:35:44.876+0000] {standard_task_runner.py:83} INFO - Job 70: Subtask upload_to_google_sheets
[2024-11-26T14:35:44.930+0000] {task_command.py:388} INFO - Running <TaskInstance: data_split_google_sheets.upload_to_google_sheets manual__2024-11-26T14:35:37.888848+00:00 [running]> on host b8c6ef5969e2
[2024-11-26T14:35:44.987+0000] {taskinstance.py:1507} INFO - Exporting the following env vars:
AIRFLOW_CTX_DAG_OWNER=***
AIRFLOW_CTX_DAG_ID=data_split_google_sheets
AIRFLOW_CTX_TASK_ID=upload_to_google_sheets
AIRFLOW_CTX_EXECUTION_DATE=2024-11-26T14:35:37.888848+00:00
AIRFLOW_CTX_TRY_NUMBER=1
AIRFLOW_CTX_DAG_RUN_ID=manual__2024-11-26T14:35:37.888848+00:00
[2024-11-26T14:35:54.688+0000] {python.py:177} INFO - Done. Returned value was: None
[2024-11-26T14:35:54.700+0000] {taskinstance.py:1318} INFO - Marking task as SUCCESS. dag_id=data_split_google_sheets, task_id=upload_to_google_sheets, execution_date=20241126T143537, start_date=20241126T143544, end_date=20241126T143554
[2024-11-26T14:35:54.757+0000] {local_task_job.py:208} INFO - Task exited with return code 0
[2024-11-26T14:35:54.772+0000] {taskinstance.py:2578} INFO - 0 downstream tasks scheduled from follow-on schedule check
