[2024-11-26T13:58:27.729+0000] {taskinstance.py:1083} INFO - Dependencies all met for <TaskInstance: data_processing_dag_v2.upload_processed_data manual__2024-11-26T13:53:14.334430+00:00 [queued]>
[2024-11-26T13:58:27.736+0000] {taskinstance.py:1083} INFO - Dependencies all met for <TaskInstance: data_processing_dag_v2.upload_processed_data manual__2024-11-26T13:53:14.334430+00:00 [queued]>
[2024-11-26T13:58:27.736+0000] {taskinstance.py:1279} INFO - 
--------------------------------------------------------------------------------
[2024-11-26T13:58:27.737+0000] {taskinstance.py:1280} INFO - Starting attempt 1 of 2
[2024-11-26T13:58:27.737+0000] {taskinstance.py:1281} INFO - 
--------------------------------------------------------------------------------
[2024-11-26T13:58:27.751+0000] {taskinstance.py:1300} INFO - Executing <Task(PythonOperator): upload_processed_data> on 2024-11-26 13:53:14.334430+00:00
[2024-11-26T13:58:27.758+0000] {standard_task_runner.py:55} INFO - Started process 81 to run task
[2024-11-26T13:58:27.761+0000] {standard_task_runner.py:82} INFO - Running: ['***', 'tasks', 'run', 'data_processing_dag_v2', 'upload_processed_data', 'manual__2024-11-26T13:53:14.334430+00:00', '--job-id', '42', '--raw', '--subdir', 'DAGS_FOLDER/data_download_dag.py', '--cfg-path', '/tmp/tmph_sjq8k2']
[2024-11-26T13:58:27.762+0000] {standard_task_runner.py:83} INFO - Job 42: Subtask upload_processed_data
[2024-11-26T13:58:27.810+0000] {task_command.py:388} INFO - Running <TaskInstance: data_processing_dag_v2.upload_processed_data manual__2024-11-26T13:53:14.334430+00:00 [running]> on host 2a33658a9acb
[2024-11-26T13:58:27.860+0000] {taskinstance.py:1507} INFO - Exporting the following env vars:
AIRFLOW_CTX_DAG_OWNER=***
AIRFLOW_CTX_DAG_ID=data_processing_dag_v2
AIRFLOW_CTX_TASK_ID=upload_processed_data
AIRFLOW_CTX_EXECUTION_DATE=2024-11-26T13:53:14.334430+00:00
AIRFLOW_CTX_TRY_NUMBER=1
AIRFLOW_CTX_DAG_RUN_ID=manual__2024-11-26T13:53:14.334430+00:00
[2024-11-26T13:58:33.384+0000] {python.py:177} INFO - Done. Returned value was: None
[2024-11-26T13:58:33.392+0000] {taskinstance.py:1318} INFO - Marking task as SUCCESS. dag_id=data_processing_dag_v2, task_id=upload_processed_data, execution_date=20241126T135314, start_date=20241126T135827, end_date=20241126T135833
[2024-11-26T13:58:33.421+0000] {local_task_job.py:208} INFO - Task exited with return code 0
[2024-11-26T13:58:33.433+0000] {taskinstance.py:2578} INFO - 0 downstream tasks scheduled from follow-on schedule check
