[2024-11-26T14:43:14.173+0000] {taskinstance.py:1083} INFO - Dependencies all met for <TaskInstance: data_processing_dag_v2.clean_data manual__2024-11-26T14:43:07.664503+00:00 [queued]>
[2024-11-26T14:43:14.180+0000] {taskinstance.py:1083} INFO - Dependencies all met for <TaskInstance: data_processing_dag_v2.clean_data manual__2024-11-26T14:43:07.664503+00:00 [queued]>
[2024-11-26T14:43:14.181+0000] {taskinstance.py:1279} INFO - 
--------------------------------------------------------------------------------
[2024-11-26T14:43:14.181+0000] {taskinstance.py:1280} INFO - Starting attempt 1 of 2
[2024-11-26T14:43:14.182+0000] {taskinstance.py:1281} INFO - 
--------------------------------------------------------------------------------
[2024-11-26T14:43:14.195+0000] {taskinstance.py:1300} INFO - Executing <Task(PythonOperator): clean_data> on 2024-11-26 14:43:07.664503+00:00
[2024-11-26T14:43:14.202+0000] {standard_task_runner.py:55} INFO - Started process 123 to run task
[2024-11-26T14:43:14.205+0000] {standard_task_runner.py:82} INFO - Running: ['***', 'tasks', 'run', 'data_processing_dag_v2', 'clean_data', 'manual__2024-11-26T14:43:07.664503+00:00', '--job-id', '76', '--raw', '--subdir', 'DAGS_FOLDER/data_download_dag.py', '--cfg-path', '/tmp/tmpolkfsegb']
[2024-11-26T14:43:14.206+0000] {standard_task_runner.py:83} INFO - Job 76: Subtask clean_data
[2024-11-26T14:43:14.264+0000] {task_command.py:388} INFO - Running <TaskInstance: data_processing_dag_v2.clean_data manual__2024-11-26T14:43:07.664503+00:00 [running]> on host 7a9497d30f17
[2024-11-26T14:43:14.324+0000] {taskinstance.py:1507} INFO - Exporting the following env vars:
AIRFLOW_CTX_DAG_OWNER=***
AIRFLOW_CTX_DAG_ID=data_processing_dag_v2
AIRFLOW_CTX_TASK_ID=clean_data
AIRFLOW_CTX_EXECUTION_DATE=2024-11-26T14:43:07.664503+00:00
AIRFLOW_CTX_TRY_NUMBER=1
AIRFLOW_CTX_DAG_RUN_ID=manual__2024-11-26T14:43:07.664503+00:00
[2024-11-26T14:43:14.419+0000] {python.py:177} INFO - Done. Returned value was: None
[2024-11-26T14:43:14.427+0000] {taskinstance.py:1318} INFO - Marking task as SUCCESS. dag_id=data_processing_dag_v2, task_id=clean_data, execution_date=20241126T144307, start_date=20241126T144314, end_date=20241126T144314
[2024-11-26T14:43:14.457+0000] {local_task_job.py:208} INFO - Task exited with return code 0
[2024-11-26T14:43:14.482+0000] {taskinstance.py:2578} INFO - 1 downstream tasks scheduled from follow-on schedule check
