[2024-11-28T13:05:01.664+0000] {taskinstance.py:1083} INFO - Dependencies all met for <TaskInstance: data_split_google_sheets.split_data manual__2024-11-28T13:04:56.669967+00:00 [queued]>
[2024-11-28T13:05:01.676+0000] {taskinstance.py:1083} INFO - Dependencies all met for <TaskInstance: data_split_google_sheets.split_data manual__2024-11-28T13:04:56.669967+00:00 [queued]>
[2024-11-28T13:05:01.676+0000] {taskinstance.py:1279} INFO - 
--------------------------------------------------------------------------------
[2024-11-28T13:05:01.677+0000] {taskinstance.py:1280} INFO - Starting attempt 1 of 2
[2024-11-28T13:05:01.677+0000] {taskinstance.py:1281} INFO - 
--------------------------------------------------------------------------------
[2024-11-28T13:05:01.726+0000] {taskinstance.py:1300} INFO - Executing <Task(PythonOperator): split_data> on 2024-11-28 13:04:56.669967+00:00
[2024-11-28T13:05:01.735+0000] {standard_task_runner.py:55} INFO - Started process 81 to run task
[2024-11-28T13:05:01.739+0000] {standard_task_runner.py:82} INFO - Running: ['***', 'tasks', 'run', 'data_split_google_sheets', 'split_data', 'manual__2024-11-28T13:04:56.669967+00:00', '--job-id', '89', '--raw', '--subdir', 'DAGS_FOLDER/data_processing_dag.py', '--cfg-path', '/tmp/tmpigve3imj']
[2024-11-28T13:05:01.742+0000] {standard_task_runner.py:83} INFO - Job 89: Subtask split_data
[2024-11-28T13:05:01.810+0000] {task_command.py:388} INFO - Running <TaskInstance: data_split_google_sheets.split_data manual__2024-11-28T13:04:56.669967+00:00 [running]> on host a1ef49675f1c
[2024-11-28T13:05:01.879+0000] {taskinstance.py:1507} INFO - Exporting the following env vars:
AIRFLOW_CTX_DAG_OWNER=***
AIRFLOW_CTX_DAG_ID=data_split_google_sheets
AIRFLOW_CTX_TASK_ID=split_data
AIRFLOW_CTX_EXECUTION_DATE=2024-11-28T13:04:56.669967+00:00
AIRFLOW_CTX_TRY_NUMBER=1
AIRFLOW_CTX_DAG_RUN_ID=manual__2024-11-28T13:04:56.669967+00:00
[2024-11-28T13:05:02.090+0000] {logging_mixin.py:137} INFO - Dane zostały podzielone i zapisane do XCom.
[2024-11-28T13:05:02.092+0000] {python.py:177} INFO - Done. Returned value was: None
[2024-11-28T13:05:02.101+0000] {taskinstance.py:1318} INFO - Marking task as SUCCESS. dag_id=data_split_google_sheets, task_id=split_data, execution_date=20241128T130456, start_date=20241128T130501, end_date=20241128T130502
[2024-11-28T13:05:02.152+0000] {local_task_job.py:208} INFO - Task exited with return code 0
[2024-11-28T13:05:02.170+0000] {taskinstance.py:2578} INFO - 1 downstream tasks scheduled from follow-on schedule check
