[2024-11-26T14:28:15.489+0000] {taskinstance.py:1083} INFO - Dependencies all met for <TaskInstance: data_processing_dag_v2.standardize_and_normalize_data manual__2024-11-26T14:28:08.692474+00:00 [queued]>
[2024-11-26T14:28:15.497+0000] {taskinstance.py:1083} INFO - Dependencies all met for <TaskInstance: data_processing_dag_v2.standardize_and_normalize_data manual__2024-11-26T14:28:08.692474+00:00 [queued]>
[2024-11-26T14:28:15.497+0000] {taskinstance.py:1279} INFO - 
--------------------------------------------------------------------------------
[2024-11-26T14:28:15.498+0000] {taskinstance.py:1280} INFO - Starting attempt 1 of 2
[2024-11-26T14:28:15.498+0000] {taskinstance.py:1281} INFO - 
--------------------------------------------------------------------------------
[2024-11-26T14:28:15.509+0000] {taskinstance.py:1300} INFO - Executing <Task(PythonOperator): standardize_and_normalize_data> on 2024-11-26 14:28:08.692474+00:00
[2024-11-26T14:28:15.516+0000] {standard_task_runner.py:55} INFO - Started process 151 to run task
[2024-11-26T14:28:15.519+0000] {standard_task_runner.py:82} INFO - Running: ['***', 'tasks', 'run', 'data_processing_dag_v2', 'standardize_and_normalize_data', 'manual__2024-11-26T14:28:08.692474+00:00', '--job-id', '62', '--raw', '--subdir', 'DAGS_FOLDER/data_download_dag.py', '--cfg-path', '/tmp/tmp1bkt4aeu']
[2024-11-26T14:28:15.521+0000] {standard_task_runner.py:83} INFO - Job 62: Subtask standardize_and_normalize_data
[2024-11-26T14:28:15.574+0000] {task_command.py:388} INFO - Running <TaskInstance: data_processing_dag_v2.standardize_and_normalize_data manual__2024-11-26T14:28:08.692474+00:00 [running]> on host 910f0d532d2b
[2024-11-26T14:28:15.636+0000] {taskinstance.py:1507} INFO - Exporting the following env vars:
AIRFLOW_CTX_DAG_OWNER=***
AIRFLOW_CTX_DAG_ID=data_processing_dag_v2
AIRFLOW_CTX_TASK_ID=standardize_and_normalize_data
AIRFLOW_CTX_EXECUTION_DATE=2024-11-26T14:28:08.692474+00:00
AIRFLOW_CTX_TRY_NUMBER=1
AIRFLOW_CTX_DAG_RUN_ID=manual__2024-11-26T14:28:08.692474+00:00
[2024-11-26T14:28:15.660+0000] {data_download_dag.py:62} INFO - Dane przed standaryzacją i normalizacją:
     Name,Gender,Age,City,Working Professional or Student,Profession,Academic Pressure,Work Pressure,CGPA,Study Satisfaction,Job Satisfaction,Sleep Duration,Dietary Habits,Degree,Have you ever had suicidal thoughts ?,Work/Study Hours,Financial Stress,Family History of Mental Illness,Depression
0     Pooja,Female,37,Ghaziabad,Working Professional...                                                                                                                                                                                                                                               
1     Reyansh,Male,60,Kalyan,Working Professional,Fi...                                                                                                                                                                                                                                               
10    Rudransh,Male,21,Nashik,Working Professional,,...                                                                                                                                                                                                                                               
100   Shreya,Female,59,Agra,Working Professional,Mar...                                                                                                                                                                                                                                               
1000  Jai,Male,54,Jaipur,Working Professional,Civil ...                                                                                                                                                                                                                                               
[2024-11-26T14:28:15.668+0000] {data_download_dag.py:69} WARNING - Brak kolumn numerycznych do standaryzacji i normalizacji.
[2024-11-26T14:28:15.695+0000] {python.py:177} INFO - Done. Returned value was: None
[2024-11-26T14:28:15.702+0000] {taskinstance.py:1318} INFO - Marking task as SUCCESS. dag_id=data_processing_dag_v2, task_id=standardize_and_normalize_data, execution_date=20241126T142808, start_date=20241126T142815, end_date=20241126T142815
[2024-11-26T14:28:15.732+0000] {local_task_job.py:208} INFO - Task exited with return code 0
[2024-11-26T14:28:15.748+0000] {taskinstance.py:2578} INFO - 1 downstream tasks scheduled from follow-on schedule check
