[2024-11-28T13:05:04.163+0000] {taskinstance.py:1083} INFO - Dependencies all met for <TaskInstance: data_split_google_sheets.upload_to_google_sheets manual__2024-11-28T13:04:56.669967+00:00 [queued]>
[2024-11-28T13:05:04.173+0000] {taskinstance.py:1083} INFO - Dependencies all met for <TaskInstance: data_split_google_sheets.upload_to_google_sheets manual__2024-11-28T13:04:56.669967+00:00 [queued]>
[2024-11-28T13:05:04.173+0000] {taskinstance.py:1279} INFO - 
--------------------------------------------------------------------------------
[2024-11-28T13:05:04.174+0000] {taskinstance.py:1280} INFO - Starting attempt 1 of 2
[2024-11-28T13:05:04.174+0000] {taskinstance.py:1281} INFO - 
--------------------------------------------------------------------------------
[2024-11-28T13:05:04.191+0000] {taskinstance.py:1300} INFO - Executing <Task(PythonOperator): upload_to_google_sheets> on 2024-11-28 13:04:56.669967+00:00
[2024-11-28T13:05:04.202+0000] {standard_task_runner.py:55} INFO - Started process 95 to run task
[2024-11-28T13:05:04.205+0000] {standard_task_runner.py:82} INFO - Running: ['***', 'tasks', 'run', 'data_split_google_sheets', 'upload_to_google_sheets', 'manual__2024-11-28T13:04:56.669967+00:00', '--job-id', '90', '--raw', '--subdir', 'DAGS_FOLDER/data_processing_dag.py', '--cfg-path', '/tmp/tmpnig21xaa']
[2024-11-28T13:05:04.207+0000] {standard_task_runner.py:83} INFO - Job 90: Subtask upload_to_google_sheets
[2024-11-28T13:05:04.284+0000] {task_command.py:388} INFO - Running <TaskInstance: data_split_google_sheets.upload_to_google_sheets manual__2024-11-28T13:04:56.669967+00:00 [running]> on host a1ef49675f1c
[2024-11-28T13:05:04.361+0000] {taskinstance.py:1507} INFO - Exporting the following env vars:
AIRFLOW_CTX_DAG_OWNER=***
AIRFLOW_CTX_DAG_ID=data_split_google_sheets
AIRFLOW_CTX_TASK_ID=upload_to_google_sheets
AIRFLOW_CTX_EXECUTION_DATE=2024-11-28T13:04:56.669967+00:00
AIRFLOW_CTX_TRY_NUMBER=1
AIRFLOW_CTX_DAG_RUN_ID=manual__2024-11-28T13:04:56.669967+00:00
[2024-11-28T13:05:12.382+0000] {python.py:177} INFO - Done. Returned value was: None
[2024-11-28T13:05:12.393+0000] {taskinstance.py:1318} INFO - Marking task as SUCCESS. dag_id=data_split_google_sheets, task_id=upload_to_google_sheets, execution_date=20241128T130456, start_date=20241128T130504, end_date=20241128T130512
[2024-11-28T13:05:12.440+0000] {local_task_job.py:208} INFO - Task exited with return code 0
[2024-11-28T13:05:12.454+0000] {taskinstance.py:2578} INFO - 0 downstream tasks scheduled from follow-on schedule check
