[2024-11-28T16:04:10.201+0000] {taskinstance.py:1083} INFO - Dependencies all met for <TaskInstance: data_split_google_sheets.upload_to_google_sheets manual__2024-11-28T16:04:03.257880+00:00 [queued]>
[2024-11-28T16:04:10.208+0000] {taskinstance.py:1083} INFO - Dependencies all met for <TaskInstance: data_split_google_sheets.upload_to_google_sheets manual__2024-11-28T16:04:03.257880+00:00 [queued]>
[2024-11-28T16:04:10.209+0000] {taskinstance.py:1279} INFO - 
--------------------------------------------------------------------------------
[2024-11-28T16:04:10.209+0000] {taskinstance.py:1280} INFO - Starting attempt 1 of 2
[2024-11-28T16:04:10.209+0000] {taskinstance.py:1281} INFO - 
--------------------------------------------------------------------------------
[2024-11-28T16:04:10.221+0000] {taskinstance.py:1300} INFO - Executing <Task(PythonOperator): upload_to_google_sheets> on 2024-11-28 16:04:03.257880+00:00
[2024-11-28T16:04:10.229+0000] {standard_task_runner.py:55} INFO - Started process 95 to run task
[2024-11-28T16:04:10.231+0000] {standard_task_runner.py:82} INFO - Running: ['***', 'tasks', 'run', 'data_split_google_sheets', 'upload_to_google_sheets', 'manual__2024-11-28T16:04:03.257880+00:00', '--job-id', '103', '--raw', '--subdir', 'DAGS_FOLDER/data_processing_dag.py', '--cfg-path', '/tmp/tmp02tp2kr5']
[2024-11-28T16:04:10.233+0000] {standard_task_runner.py:83} INFO - Job 103: Subtask upload_to_google_sheets
[2024-11-28T16:04:10.292+0000] {task_command.py:388} INFO - Running <TaskInstance: data_split_google_sheets.upload_to_google_sheets manual__2024-11-28T16:04:03.257880+00:00 [running]> on host dabf8dd9817e
[2024-11-28T16:04:10.350+0000] {taskinstance.py:1507} INFO - Exporting the following env vars:
AIRFLOW_CTX_DAG_OWNER=***
AIRFLOW_CTX_DAG_ID=data_split_google_sheets
AIRFLOW_CTX_TASK_ID=upload_to_google_sheets
AIRFLOW_CTX_EXECUTION_DATE=2024-11-28T16:04:03.257880+00:00
AIRFLOW_CTX_TRY_NUMBER=1
AIRFLOW_CTX_DAG_RUN_ID=manual__2024-11-28T16:04:03.257880+00:00
[2024-11-28T16:04:18.808+0000] {python.py:177} INFO - Done. Returned value was: None
[2024-11-28T16:04:18.817+0000] {taskinstance.py:1318} INFO - Marking task as SUCCESS. dag_id=data_split_google_sheets, task_id=upload_to_google_sheets, execution_date=20241128T160403, start_date=20241128T160410, end_date=20241128T160418
[2024-11-28T16:04:18.867+0000] {local_task_job.py:208} INFO - Task exited with return code 0
[2024-11-28T16:04:18.881+0000] {taskinstance.py:2578} INFO - 0 downstream tasks scheduled from follow-on schedule check
