[2024-11-26T14:12:25.954+0000] {taskinstance.py:1083} INFO - Dependencies all met for <TaskInstance: data_split_google_sheets.download_data manual__2024-11-26T14:12:23.581691+00:00 [queued]>
[2024-11-26T14:12:25.962+0000] {taskinstance.py:1083} INFO - Dependencies all met for <TaskInstance: data_split_google_sheets.download_data manual__2024-11-26T14:12:23.581691+00:00 [queued]>
[2024-11-26T14:12:25.962+0000] {taskinstance.py:1279} INFO - 
--------------------------------------------------------------------------------
[2024-11-26T14:12:25.963+0000] {taskinstance.py:1280} INFO - Starting attempt 1 of 2
[2024-11-26T14:12:25.963+0000] {taskinstance.py:1281} INFO - 
--------------------------------------------------------------------------------
[2024-11-26T14:12:25.977+0000] {taskinstance.py:1300} INFO - Executing <Task(PythonOperator): download_data> on 2024-11-26 14:12:23.581691+00:00
[2024-11-26T14:12:25.986+0000] {standard_task_runner.py:55} INFO - Started process 67 to run task
[2024-11-26T14:12:25.988+0000] {standard_task_runner.py:82} INFO - Running: ['***', 'tasks', 'run', 'data_split_google_sheets', 'download_data', 'manual__2024-11-26T14:12:23.581691+00:00', '--job-id', '47', '--raw', '--subdir', 'DAGS_FOLDER/data_processing_dag.py', '--cfg-path', '/tmp/tmpf0soqvft']
[2024-11-26T14:12:25.992+0000] {standard_task_runner.py:83} INFO - Job 47: Subtask download_data
[2024-11-26T14:12:26.053+0000] {task_command.py:388} INFO - Running <TaskInstance: data_split_google_sheets.download_data manual__2024-11-26T14:12:23.581691+00:00 [running]> on host 35d2420ccfd7
[2024-11-26T14:12:26.114+0000] {taskinstance.py:1507} INFO - Exporting the following env vars:
AIRFLOW_CTX_DAG_OWNER=***
AIRFLOW_CTX_DAG_ID=data_split_google_sheets
AIRFLOW_CTX_TASK_ID=download_data
AIRFLOW_CTX_EXECUTION_DATE=2024-11-26T14:12:23.581691+00:00
AIRFLOW_CTX_TRY_NUMBER=1
AIRFLOW_CTX_DAG_RUN_ID=manual__2024-11-26T14:12:23.581691+00:00
[2024-11-26T14:12:26.117+0000] {logging_mixin.py:137} INFO - Plik nie został znaleziony. Sprawdź podaną ścieżkę.
[2024-11-26T14:12:26.117+0000] {python.py:177} INFO - Done. Returned value was: None
[2024-11-26T14:12:26.126+0000] {taskinstance.py:1318} INFO - Marking task as SUCCESS. dag_id=data_split_google_sheets, task_id=download_data, execution_date=20241126T141223, start_date=20241126T141225, end_date=20241126T141226
[2024-11-26T14:12:26.163+0000] {local_task_job.py:208} INFO - Task exited with return code 0
[2024-11-26T14:12:26.183+0000] {taskinstance.py:2578} INFO - 1 downstream tasks scheduled from follow-on schedule check
