[2024-11-26T14:32:11.482+0000] {taskinstance.py:1083} INFO - Dependencies all met for <TaskInstance: data_split_google_sheets.download_data manual__2024-11-26T14:32:10.059946+00:00 [queued]>
[2024-11-26T14:32:11.491+0000] {taskinstance.py:1083} INFO - Dependencies all met for <TaskInstance: data_split_google_sheets.download_data manual__2024-11-26T14:32:10.059946+00:00 [queued]>
[2024-11-26T14:32:11.491+0000] {taskinstance.py:1279} INFO - 
--------------------------------------------------------------------------------
[2024-11-26T14:32:11.492+0000] {taskinstance.py:1280} INFO - Starting attempt 1 of 2
[2024-11-26T14:32:11.492+0000] {taskinstance.py:1281} INFO - 
--------------------------------------------------------------------------------
[2024-11-26T14:32:11.505+0000] {taskinstance.py:1300} INFO - Executing <Task(PythonOperator): download_data> on 2024-11-26 14:32:10.059946+00:00
[2024-11-26T14:32:11.515+0000] {standard_task_runner.py:55} INFO - Started process 179 to run task
[2024-11-26T14:32:11.517+0000] {standard_task_runner.py:82} INFO - Running: ['***', 'tasks', 'run', 'data_split_google_sheets', 'download_data', 'manual__2024-11-26T14:32:10.059946+00:00', '--job-id', '64', '--raw', '--subdir', 'DAGS_FOLDER/data_processing_dag.py', '--cfg-path', '/tmp/tmpc_rux84j']
[2024-11-26T14:32:11.519+0000] {standard_task_runner.py:83} INFO - Job 64: Subtask download_data
[2024-11-26T14:32:11.578+0000] {task_command.py:388} INFO - Running <TaskInstance: data_split_google_sheets.download_data manual__2024-11-26T14:32:10.059946+00:00 [running]> on host 910f0d532d2b
[2024-11-26T14:32:11.637+0000] {taskinstance.py:1507} INFO - Exporting the following env vars:
AIRFLOW_CTX_DAG_OWNER=***
AIRFLOW_CTX_DAG_ID=data_split_google_sheets
AIRFLOW_CTX_TASK_ID=download_data
AIRFLOW_CTX_EXECUTION_DATE=2024-11-26T14:32:10.059946+00:00
AIRFLOW_CTX_TRY_NUMBER=1
AIRFLOW_CTX_DAG_RUN_ID=manual__2024-11-26T14:32:10.059946+00:00
[2024-11-26T14:32:11.699+0000] {python.py:177} INFO - Done. Returned value was: None
[2024-11-26T14:32:11.708+0000] {taskinstance.py:1318} INFO - Marking task as SUCCESS. dag_id=data_split_google_sheets, task_id=download_data, execution_date=20241126T143210, start_date=20241126T143211, end_date=20241126T143211
[2024-11-26T14:32:11.730+0000] {local_task_job.py:208} INFO - Task exited with return code 0
[2024-11-26T14:32:11.752+0000] {taskinstance.py:2578} INFO - 1 downstream tasks scheduled from follow-on schedule check
