[2024-11-28T13:00:51.022+0000] {taskinstance.py:1083} INFO - Dependencies all met for <TaskInstance: data_processing_dag_v2.fetch_model_data manual__2024-11-28T13:00:47.553945+00:00 [queued]>
[2024-11-28T13:00:51.032+0000] {taskinstance.py:1083} INFO - Dependencies all met for <TaskInstance: data_processing_dag_v2.fetch_model_data manual__2024-11-28T13:00:47.553945+00:00 [queued]>
[2024-11-28T13:00:51.033+0000] {taskinstance.py:1279} INFO - 
--------------------------------------------------------------------------------
[2024-11-28T13:00:51.033+0000] {taskinstance.py:1280} INFO - Starting attempt 1 of 2
[2024-11-28T13:00:51.034+0000] {taskinstance.py:1281} INFO - 
--------------------------------------------------------------------------------
[2024-11-28T13:00:51.046+0000] {taskinstance.py:1300} INFO - Executing <Task(PythonOperator): fetch_model_data> on 2024-11-28 13:00:47.553945+00:00
[2024-11-28T13:00:51.057+0000] {standard_task_runner.py:55} INFO - Started process 67 to run task
[2024-11-28T13:00:51.060+0000] {standard_task_runner.py:82} INFO - Running: ['***', 'tasks', 'run', 'data_processing_dag_v2', 'fetch_model_data', 'manual__2024-11-28T13:00:47.553945+00:00', '--job-id', '80', '--raw', '--subdir', 'DAGS_FOLDER/data_download_dag.py', '--cfg-path', '/tmp/tmphn78ryyq']
[2024-11-28T13:00:51.064+0000] {standard_task_runner.py:83} INFO - Job 80: Subtask fetch_model_data
[2024-11-28T13:00:51.143+0000] {task_command.py:388} INFO - Running <TaskInstance: data_processing_dag_v2.fetch_model_data manual__2024-11-28T13:00:47.553945+00:00 [running]> on host 52d6c8fd4446
[2024-11-28T13:00:51.210+0000] {taskinstance.py:1507} INFO - Exporting the following env vars:
AIRFLOW_CTX_DAG_OWNER=***
AIRFLOW_CTX_DAG_ID=data_processing_dag_v2
AIRFLOW_CTX_TASK_ID=fetch_model_data
AIRFLOW_CTX_EXECUTION_DATE=2024-11-28T13:00:47.553945+00:00
AIRFLOW_CTX_TRY_NUMBER=1
AIRFLOW_CTX_DAG_RUN_ID=manual__2024-11-28T13:00:47.553945+00:00
[2024-11-28T13:00:55.362+0000] {python.py:177} INFO - Done. Returned value was: None
[2024-11-28T13:00:55.371+0000] {taskinstance.py:1318} INFO - Marking task as SUCCESS. dag_id=data_processing_dag_v2, task_id=fetch_model_data, execution_date=20241128T130047, start_date=20241128T130051, end_date=20241128T130055
[2024-11-28T13:00:55.412+0000] {local_task_job.py:208} INFO - Task exited with return code 0
[2024-11-28T13:00:55.433+0000] {taskinstance.py:2578} INFO - 1 downstream tasks scheduled from follow-on schedule check
