[2024-11-26T14:28:13.978+0000] {taskinstance.py:1083} INFO - Dependencies all met for <TaskInstance: data_processing_dag_v2.clean_data manual__2024-11-26T14:28:08.692474+00:00 [queued]>
[2024-11-26T14:28:13.985+0000] {taskinstance.py:1083} INFO - Dependencies all met for <TaskInstance: data_processing_dag_v2.clean_data manual__2024-11-26T14:28:08.692474+00:00 [queued]>
[2024-11-26T14:28:13.985+0000] {taskinstance.py:1279} INFO - 
--------------------------------------------------------------------------------
[2024-11-26T14:28:13.986+0000] {taskinstance.py:1280} INFO - Starting attempt 1 of 2
[2024-11-26T14:28:13.986+0000] {taskinstance.py:1281} INFO - 
--------------------------------------------------------------------------------
[2024-11-26T14:28:13.996+0000] {taskinstance.py:1300} INFO - Executing <Task(PythonOperator): clean_data> on 2024-11-26 14:28:08.692474+00:00
[2024-11-26T14:28:14.004+0000] {standard_task_runner.py:55} INFO - Started process 137 to run task
[2024-11-26T14:28:14.006+0000] {standard_task_runner.py:82} INFO - Running: ['***', 'tasks', 'run', 'data_processing_dag_v2', 'clean_data', 'manual__2024-11-26T14:28:08.692474+00:00', '--job-id', '61', '--raw', '--subdir', 'DAGS_FOLDER/data_download_dag.py', '--cfg-path', '/tmp/tmp8f95idlb']
[2024-11-26T14:28:14.007+0000] {standard_task_runner.py:83} INFO - Job 61: Subtask clean_data
[2024-11-26T14:28:14.056+0000] {task_command.py:388} INFO - Running <TaskInstance: data_processing_dag_v2.clean_data manual__2024-11-26T14:28:08.692474+00:00 [running]> on host 910f0d532d2b
[2024-11-26T14:28:14.108+0000] {taskinstance.py:1507} INFO - Exporting the following env vars:
AIRFLOW_CTX_DAG_OWNER=***
AIRFLOW_CTX_DAG_ID=data_processing_dag_v2
AIRFLOW_CTX_TASK_ID=clean_data
AIRFLOW_CTX_EXECUTION_DATE=2024-11-26T14:28:08.692474+00:00
AIRFLOW_CTX_TRY_NUMBER=1
AIRFLOW_CTX_DAG_RUN_ID=manual__2024-11-26T14:28:08.692474+00:00
[2024-11-26T14:28:14.158+0000] {python.py:177} INFO - Done. Returned value was: None
[2024-11-26T14:28:14.167+0000] {taskinstance.py:1318} INFO - Marking task as SUCCESS. dag_id=data_processing_dag_v2, task_id=clean_data, execution_date=20241126T142808, start_date=20241126T142813, end_date=20241126T142814
[2024-11-26T14:28:14.218+0000] {local_task_job.py:208} INFO - Task exited with return code 0
[2024-11-26T14:28:14.239+0000] {taskinstance.py:2578} INFO - 1 downstream tasks scheduled from follow-on schedule check
