[2024-11-26T13:19:48.303+0000] {taskinstance.py:1083} INFO - Dependencies all met for <TaskInstance: dag_1_data_split.upload_to_google_sheets manual__2024-11-26T13:19:37.808635+00:00 [queued]>
[2024-11-26T13:19:48.313+0000] {taskinstance.py:1083} INFO - Dependencies all met for <TaskInstance: dag_1_data_split.upload_to_google_sheets manual__2024-11-26T13:19:37.808635+00:00 [queued]>
[2024-11-26T13:19:48.314+0000] {taskinstance.py:1279} INFO - 
--------------------------------------------------------------------------------
[2024-11-26T13:19:48.314+0000] {taskinstance.py:1280} INFO - Starting attempt 1 of 2
[2024-11-26T13:19:48.315+0000] {taskinstance.py:1281} INFO - 
--------------------------------------------------------------------------------
[2024-11-26T13:19:48.330+0000] {taskinstance.py:1300} INFO - Executing <Task(PythonOperator): upload_to_google_sheets> on 2024-11-26 13:19:37.808635+00:00
[2024-11-26T13:19:48.339+0000] {standard_task_runner.py:55} INFO - Started process 95 to run task
[2024-11-26T13:19:48.342+0000] {standard_task_runner.py:82} INFO - Running: ['***', 'tasks', 'run', 'dag_1_data_split', 'upload_to_google_sheets', 'manual__2024-11-26T13:19:37.808635+00:00', '--job-id', '25', '--raw', '--subdir', 'DAGS_FOLDER/data_download_dag.py', '--cfg-path', '/tmp/tmpdchgn2et']
[2024-11-26T13:19:48.344+0000] {standard_task_runner.py:83} INFO - Job 25: Subtask upload_to_google_sheets
[2024-11-26T13:19:48.402+0000] {task_command.py:388} INFO - Running <TaskInstance: dag_1_data_split.upload_to_google_sheets manual__2024-11-26T13:19:37.808635+00:00 [running]> on host 85d39f567857
[2024-11-26T13:19:48.458+0000] {taskinstance.py:1507} INFO - Exporting the following env vars:
AIRFLOW_CTX_DAG_OWNER=***
AIRFLOW_CTX_DAG_ID=dag_1_data_split
AIRFLOW_CTX_TASK_ID=upload_to_google_sheets
AIRFLOW_CTX_EXECUTION_DATE=2024-11-26T13:19:37.808635+00:00
AIRFLOW_CTX_TRY_NUMBER=1
AIRFLOW_CTX_DAG_RUN_ID=manual__2024-11-26T13:19:37.808635+00:00
[2024-11-26T13:19:59.071+0000] {python.py:177} INFO - Done. Returned value was: None
[2024-11-26T13:19:59.083+0000] {taskinstance.py:1318} INFO - Marking task as SUCCESS. dag_id=dag_1_data_split, task_id=upload_to_google_sheets, execution_date=20241126T131937, start_date=20241126T131948, end_date=20241126T131959
[2024-11-26T13:19:59.137+0000] {local_task_job.py:208} INFO - Task exited with return code 0
[2024-11-26T13:19:59.151+0000] {taskinstance.py:2578} INFO - 0 downstream tasks scheduled from follow-on schedule check
