[2024-11-26T13:58:26.448+0000] {taskinstance.py:1083} INFO - Dependencies all met for <TaskInstance: data_processing_dag_v2.standardize_and_normalize_data manual__2024-11-26T13:53:14.334430+00:00 [queued]>
[2024-11-26T13:58:26.457+0000] {taskinstance.py:1083} INFO - Dependencies all met for <TaskInstance: data_processing_dag_v2.standardize_and_normalize_data manual__2024-11-26T13:53:14.334430+00:00 [queued]>
[2024-11-26T13:58:26.458+0000] {taskinstance.py:1279} INFO - 
--------------------------------------------------------------------------------
[2024-11-26T13:58:26.459+0000] {taskinstance.py:1280} INFO - Starting attempt 2 of 2
[2024-11-26T13:58:26.459+0000] {taskinstance.py:1281} INFO - 
--------------------------------------------------------------------------------
[2024-11-26T13:58:26.473+0000] {taskinstance.py:1300} INFO - Executing <Task(PythonOperator): standardize_and_normalize_data> on 2024-11-26 13:53:14.334430+00:00
[2024-11-26T13:58:26.480+0000] {standard_task_runner.py:55} INFO - Started process 67 to run task
[2024-11-26T13:58:26.482+0000] {standard_task_runner.py:82} INFO - Running: ['***', 'tasks', 'run', 'data_processing_dag_v2', 'standardize_and_normalize_data', 'manual__2024-11-26T13:53:14.334430+00:00', '--job-id', '41', '--raw', '--subdir', 'DAGS_FOLDER/data_download_dag.py', '--cfg-path', '/tmp/tmp1ahisw84']
[2024-11-26T13:58:26.484+0000] {standard_task_runner.py:83} INFO - Job 41: Subtask standardize_and_normalize_data
[2024-11-26T13:58:26.540+0000] {task_command.py:388} INFO - Running <TaskInstance: data_processing_dag_v2.standardize_and_normalize_data manual__2024-11-26T13:53:14.334430+00:00 [running]> on host 2a33658a9acb
[2024-11-26T13:58:26.591+0000] {taskinstance.py:1507} INFO - Exporting the following env vars:
AIRFLOW_CTX_DAG_OWNER=***
AIRFLOW_CTX_DAG_ID=data_processing_dag_v2
AIRFLOW_CTX_TASK_ID=standardize_and_normalize_data
AIRFLOW_CTX_EXECUTION_DATE=2024-11-26T13:53:14.334430+00:00
AIRFLOW_CTX_TRY_NUMBER=2
AIRFLOW_CTX_DAG_RUN_ID=manual__2024-11-26T13:53:14.334430+00:00
[2024-11-26T13:58:26.614+0000] {data_download_dag.py:62} INFO - Dane przed standaryzacją i normalizacją:
     Name,Gender,Age,City,Working Professional or Student,Profession,Academic Pressure,Work Pressure,CGPA,Study Satisfaction,Job Satisfaction,Sleep Duration,Dietary Habits,Degree,Have you ever had suicidal thoughts ?,Work/Study Hours,Financial Stress,Family History of Mental Illness,Depression
0     Pooja,Female,37,Ghaziabad,Working Professional...                                                                                                                                                                                                                                               
1     Reyansh,Male,60,Kalyan,Working Professional,Fi...                                                                                                                                                                                                                                               
10    Rudransh,Male,21,Nashik,Working Professional,,...                                                                                                                                                                                                                                               
100   Shreya,Female,59,Agra,Working Professional,Mar...                                                                                                                                                                                                                                               
1000  Jai,Male,54,Jaipur,Working Professional,Civil ...                                                                                                                                                                                                                                               
[2024-11-26T13:58:26.622+0000] {data_download_dag.py:69} WARNING - Brak kolumn numerycznych do standaryzacji i normalizacji.
[2024-11-26T13:58:26.648+0000] {python.py:177} INFO - Done. Returned value was: None
[2024-11-26T13:58:26.656+0000] {taskinstance.py:1318} INFO - Marking task as SUCCESS. dag_id=data_processing_dag_v2, task_id=standardize_and_normalize_data, execution_date=20241126T135314, start_date=20241126T135826, end_date=20241126T135826
[2024-11-26T13:58:26.695+0000] {local_task_job.py:208} INFO - Task exited with return code 0
[2024-11-26T13:58:26.713+0000] {taskinstance.py:2578} INFO - 1 downstream tasks scheduled from follow-on schedule check
