[2024-11-26T14:28:17.869+0000] {taskinstance.py:1083} INFO - Dependencies all met for <TaskInstance: data_processing_dag_v2.upload_processed_data manual__2024-11-26T14:28:08.692474+00:00 [queued]>
[2024-11-26T14:28:17.877+0000] {taskinstance.py:1083} INFO - Dependencies all met for <TaskInstance: data_processing_dag_v2.upload_processed_data manual__2024-11-26T14:28:08.692474+00:00 [queued]>
[2024-11-26T14:28:17.878+0000] {taskinstance.py:1279} INFO - 
--------------------------------------------------------------------------------
[2024-11-26T14:28:17.878+0000] {taskinstance.py:1280} INFO - Starting attempt 1 of 2
[2024-11-26T14:28:17.879+0000] {taskinstance.py:1281} INFO - 
--------------------------------------------------------------------------------
[2024-11-26T14:28:17.889+0000] {taskinstance.py:1300} INFO - Executing <Task(PythonOperator): upload_processed_data> on 2024-11-26 14:28:08.692474+00:00
[2024-11-26T14:28:17.897+0000] {standard_task_runner.py:55} INFO - Started process 165 to run task
[2024-11-26T14:28:17.899+0000] {standard_task_runner.py:82} INFO - Running: ['***', 'tasks', 'run', 'data_processing_dag_v2', 'upload_processed_data', 'manual__2024-11-26T14:28:08.692474+00:00', '--job-id', '63', '--raw', '--subdir', 'DAGS_FOLDER/data_download_dag.py', '--cfg-path', '/tmp/tmpz9boi78d']
[2024-11-26T14:28:17.901+0000] {standard_task_runner.py:83} INFO - Job 63: Subtask upload_processed_data
[2024-11-26T14:28:17.953+0000] {task_command.py:388} INFO - Running <TaskInstance: data_processing_dag_v2.upload_processed_data manual__2024-11-26T14:28:08.692474+00:00 [running]> on host 910f0d532d2b
[2024-11-26T14:28:18.002+0000] {taskinstance.py:1507} INFO - Exporting the following env vars:
AIRFLOW_CTX_DAG_OWNER=***
AIRFLOW_CTX_DAG_ID=data_processing_dag_v2
AIRFLOW_CTX_TASK_ID=upload_processed_data
AIRFLOW_CTX_EXECUTION_DATE=2024-11-26T14:28:08.692474+00:00
AIRFLOW_CTX_TRY_NUMBER=1
AIRFLOW_CTX_DAG_RUN_ID=manual__2024-11-26T14:28:08.692474+00:00
[2024-11-26T14:28:22.917+0000] {python.py:177} INFO - Done. Returned value was: None
[2024-11-26T14:28:22.926+0000] {taskinstance.py:1318} INFO - Marking task as SUCCESS. dag_id=data_processing_dag_v2, task_id=upload_processed_data, execution_date=20241126T142808, start_date=20241126T142817, end_date=20241126T142822
[2024-11-26T14:28:22.952+0000] {local_task_job.py:208} INFO - Task exited with return code 0
[2024-11-26T14:28:22.963+0000] {taskinstance.py:2578} INFO - 0 downstream tasks scheduled from follow-on schedule check
