[2024-11-26T14:42:27.341+0000] {taskinstance.py:1083} INFO - Dependencies all met for <TaskInstance: data_split_google_sheets.download_data manual__2024-11-26T14:42:25.229456+00:00 [queued]>
[2024-11-26T14:42:27.348+0000] {taskinstance.py:1083} INFO - Dependencies all met for <TaskInstance: data_split_google_sheets.download_data manual__2024-11-26T14:42:25.229456+00:00 [queued]>
[2024-11-26T14:42:27.349+0000] {taskinstance.py:1279} INFO - 
--------------------------------------------------------------------------------
[2024-11-26T14:42:27.349+0000] {taskinstance.py:1280} INFO - Starting attempt 1 of 2
[2024-11-26T14:42:27.350+0000] {taskinstance.py:1281} INFO - 
--------------------------------------------------------------------------------
[2024-11-26T14:42:27.363+0000] {taskinstance.py:1300} INFO - Executing <Task(PythonOperator): download_data> on 2024-11-26 14:42:25.229456+00:00
[2024-11-26T14:42:27.370+0000] {standard_task_runner.py:55} INFO - Started process 67 to run task
[2024-11-26T14:42:27.373+0000] {standard_task_runner.py:82} INFO - Running: ['***', 'tasks', 'run', 'data_split_google_sheets', 'download_data', 'manual__2024-11-26T14:42:25.229456+00:00', '--job-id', '72', '--raw', '--subdir', 'DAGS_FOLDER/data_processing_dag.py', '--cfg-path', '/tmp/tmpr9tqy4ie']
[2024-11-26T14:42:27.375+0000] {standard_task_runner.py:83} INFO - Job 72: Subtask download_data
[2024-11-26T14:42:27.431+0000] {task_command.py:388} INFO - Running <TaskInstance: data_split_google_sheets.download_data manual__2024-11-26T14:42:25.229456+00:00 [running]> on host 7a9497d30f17
[2024-11-26T14:42:27.486+0000] {taskinstance.py:1507} INFO - Exporting the following env vars:
AIRFLOW_CTX_DAG_OWNER=***
AIRFLOW_CTX_DAG_ID=data_split_google_sheets
AIRFLOW_CTX_TASK_ID=download_data
AIRFLOW_CTX_EXECUTION_DATE=2024-11-26T14:42:25.229456+00:00
AIRFLOW_CTX_TRY_NUMBER=1
AIRFLOW_CTX_DAG_RUN_ID=manual__2024-11-26T14:42:25.229456+00:00
[2024-11-26T14:42:27.563+0000] {python.py:177} INFO - Done. Returned value was: None
[2024-11-26T14:42:27.572+0000] {taskinstance.py:1318} INFO - Marking task as SUCCESS. dag_id=data_split_google_sheets, task_id=download_data, execution_date=20241126T144225, start_date=20241126T144227, end_date=20241126T144227
[2024-11-26T14:42:27.626+0000] {local_task_job.py:208} INFO - Task exited with return code 0
[2024-11-26T14:42:27.649+0000] {taskinstance.py:2578} INFO - 0 downstream tasks scheduled from follow-on schedule check
